<testsuites>
	<testsuite id="1" tests="1" failures="1" package="/Users/ercan/IdeaProjects/TeknasyonMobilAutomation/specs/APIDemos.spec" time="19.987" timestamp="2023-08-25T17:18:00" name="Specification Heading" errors="0" hostname="ercan.local">
		<properties></properties>
		<testcase classname="Specification Heading" name="Scenario 7" time="19.987">
			<failure message="Open the notification bar area&#xA;Step Execution Failure: &#39;java.lang.NullPointerException: Cannot invoke &#34;io.appium.java_client.android.AndroidDriver.openNotifications()&#34; because &#34;this.driver&#34; is null&#39;" type="Open the notification bar area&#xA;Step Execution Failure: &#39;java.lang.NullPointerException: Cannot invoke &#34;io.appium.java_client.android.AndroidDriver.openNotifications()&#34; because &#34;this.driver&#34; is null&#39;">java.lang.NullPointerException: Cannot invoke &#34;io.appium.java_client.android.AndroidDriver.openNotifications()&#34; because &#34;this.driver&#34; is null&#xA;&#x9;at com.teknasyon.StepImplementation.openTheNotification(StepImplementation.java:863)&#xA;&#x9;at java.base/jdk.internal.reflect.DirectMethodHandleAccessor.invoke(DirectMethodHandleAccessor.java:104)&#xA;&#x9;at java.base/java.lang.reflect.Method.invoke(Method.java:578)&#xA;&#x9;at com.thoughtworks.gauge.execution.MethodExecutor.execute(MethodExecutor.java:30)&#xA;&#x9;at com.thoughtworks.gauge.execution.StepExecutionStage.executeStepMethod(StepExecutionStage.java:66)&#xA;&#x9;at com.thoughtworks.gauge.execution.StepExecutionStage.executeStep(StepExecutionStage.java:59)&#xA;&#x9;at com.thoughtworks.gauge.execution.StepExecutionStage.execute(StepExecutionStage.java:41)&#xA;&#x9;at com.thoughtworks.gauge.execution.AbstractExecutionStage.executeNext(AbstractExecutionStage.java:14)&#xA;&#x9;at com.thoughtworks.gauge.execution.HookExecutionStage.execute(HookExecutionStage.java:33)&#xA;&#x9;at com.thoughtworks.gauge.execution.ExecutionPipeline.start(ExecutionPipeline.java:19)&#xA;&#x9;at com.thoughtworks.gauge.processor.ExecuteStepProcessor.process(ExecuteStepProcessor.java:44)&#xA;&#x9;at com.thoughtworks.gauge.RunnerServiceHandler.lambda$executeStep$7(RunnerServiceHandler.java:166)&#xA;&#x9;at java.base/java.util.concurrent.ThreadPoolExecutor.runWorker(ThreadPoolExecutor.java:1144)&#xA;&#x9;at java.base/java.util.concurrent.ThreadPoolExecutor$Worker.run(ThreadPoolExecutor.java:642)&#xA;&#x9;at java.base/java.lang.Thread.run(Thread.java:1589)&#xA;</failure>
		</testcase>
		<system-out></system-out>
		<system-err></system-err>
	</testsuite>
</testsuites>